<?xml version="1.0" encoding="UTF-8"?>
<testng-results ignored="0" total="1" passed="1" failed="0" skipped="0">
  <reporter-output>
  </reporter-output>
  <suite started-at="2024-08-31T00:30:52 IST" name="Default suite" finished-at="2024-08-31T00:30:52 IST" duration-ms="158">
    <groups>
    </groups>
    <test started-at="2024-08-31T00:30:52 IST" name="Default test" finished-at="2024-08-31T00:30:52 IST" duration-ms="158">
      <class name="SeleniumTest.SeleniumD.RahulShettyTest">
        <test-method signature="LoginWithCorrectInput()[pri:1, instance:SeleniumTest.SeleniumD.RahulShettyTest@1522d8a0]" started-at="2024-08-31T00:30:52 IST" name="LoginWithCorrectInput" finished-at="2024-08-31T00:30:52 IST" duration-ms="31" status="PASS">
          <reporter-output>
          </reporter-output>
        </test-method> <!-- LoginWithCorrectInput -->
      </class> <!-- SeleniumTest.SeleniumD.RahulShettyTest -->
    </test> <!-- Default test -->
  </suite> <!-- Default suite -->
</testng-results>
